\BOOKMARK [1][-]{section.0.1}{\376\377\000E\000x\000e\000c\000u\000t\000i\000v\000e\000\040\000S\000u\000m\000m\000a\000r\000y}{}% 1
\BOOKMARK [1][-]{section.0.2}{\376\377\000D\000e\000s\000c\000r\000i\000p\000t\000i\000o\000n\000\040\000o\000f\000\040\000t\000h\000e\000\040\000P\000r\000o\000j\000e\000c\000t}{}% 2
\BOOKMARK [2][-]{subsection.0.2.1}{\376\377\000D\000a\000t\000a\000\040\000S\000o\000u\000r\000c\000e\000s}{section.0.2}% 3
\BOOKMARK [2][-]{subsection.0.2.2}{\376\377\000V\000i\000s\000u\000a\000l\000i\000s\000a\000t\000i\000o\000n\000\040\000T\000e\000c\000h\000n\000i\000q\000u\000e\000s}{section.0.2}% 4
\BOOKMARK [2][-]{subsection.0.2.3}{\376\377\000V\000i\000s\000u\000a\000l\000i\000s\000a\000t\000i\000o\000n\000\040\000E\000n\000v\000i\000r\000o\000n\000m\000e\000n\000t\000s\000\040\000a\000n\000d\000\040\000T\000o\000o\000l\000s}{section.0.2}% 5
\BOOKMARK [1][-]{section.0.3}{\376\377\000R\000e\000s\000u\000l\000t\000s\000\040\000a\000n\000d\000\040\000O\000u\000t\000p\000u\000t\000s}{}% 6
\BOOKMARK [2][-]{subsection.0.3.1}{\376\377\000B\000a\000c\000k\000g\000r\000o\000u\000n\000d\000\040\000R\000e\000s\000e\000a\000r\000c\000h\000\040\000a\000n\000d\000\040\000I\000n\000v\000e\000s\000t\000i\000g\000a\000t\000i\000o\000n\000s}{section.0.3}% 7
\BOOKMARK [2][-]{subsection.0.3.2}{\376\377\000D\000a\000t\000a\000\040\000m\000a\000s\000s\000a\000g\000i\000n\000g\000\040\000a\000n\000d\000\040\000m\000a\000n\000i\000p\000u\000l\000a\000t\000i\000o\000n}{section.0.3}% 8
\BOOKMARK [2][-]{subsection.0.3.3}{\376\377\000V\000i\000s\000u\000a\000l\000i\000s\000a\000t\000i\000o\000n\000\040\000a\000l\000g\000o\000r\000i\000t\000h\000m\000s\000\040\000s\000t\000u\000d\000i\000e\000d}{section.0.3}% 9
\BOOKMARK [2][-]{subsection.0.3.4}{\376\377\000D\000e\000s\000c\000r\000i\000p\000t\000i\000o\000n\000\040\000o\000f\000\040\000c\000o\000d\000e}{section.0.3}% 10
\BOOKMARK [2][-]{subsection.0.3.5}{\376\377\000V\000i\000s\000u\000a\000l\000i\000s\000a\000t\000i\000o\000n\000\040\000o\000u\000t\000p\000u\000t\000s}{section.0.3}% 11
\BOOKMARK [2][-]{subsection.0.3.6}{\376\377\000E\000f\000f\000e\000c\000t\000i\000v\000e\000\040\000V\000i\000s\000u\000a\000l\000i\000s\000a\000t\000i\000o\000n\000\040\000i\000s\000s\000u\000e\000s}{section.0.3}% 12
\BOOKMARK [2][-]{subsection.0.3.7}{\376\377\000I\000n\000s\000i\000g\000h\000t\000s\000\040\000a\000n\000d\000\040\000k\000n\000o\000w\000l\000e\000d\000g\000e\000\040\000g\000a\000i\000n\000e\000d}{section.0.3}% 13
\BOOKMARK [1][-]{section.0.4}{\376\377\000E\000x\000e\000g\000e\000s\000i\000s\000\040\000o\000f\000\040\000t\000h\000e\000\040\000E\000f\000f\000e\000c\000t\000i\000v\000e\000n\000e\000s\000s\000\040\000o\000f\000\040\000V\000i\000s\000u\000a\000l\000i\000s\000a\000t\000i\000o\000n\000\040\000O\000u\000t\000p\000u\000t\000s}{}% 14
\BOOKMARK [1][-]{section.0.5}{\376\377\000U\000p\000d\000a\000t\000e\000\040\000T\000a\000s\000k\000s\000\040\000a\000n\000d\000\040\000P\000r\000o\000j\000e\000c\000t\000\040\000T\000i\000m\000e\000l\000i\000n\000e}{}% 15
\BOOKMARK [2][-]{subsection.0.5.1}{\376\377\000F\000i\000n\000a\000l\000\040\000P\000r\000o\000j\000e\000c\000t\000\040\000G\000a\000n\000t\000\040\000C\000h\000a\000r\000t}{section.0.5}% 16
\BOOKMARK [1][-]{section.0.6}{\376\377\000P\000r\000o\000b\000l\000e\000m\000s}{}% 17
\BOOKMARK [1][-]{section.0.7}{\376\377\000P\000r\000o\000j\000e\000c\000t\000\040\000J\000o\000u\000r\000n\000a\000l}{}% 18
\BOOKMARK [1][-]{section.0.8}{\376\377\000C\000o\000n\000c\000l\000u\000s\000i\000o\000n}{}% 19
\BOOKMARK [1][-]{section.0.9}{\376\377\000R\000e\000f\000e\000r\000e\000n\000c\000e\000s}{}% 20
\BOOKMARK [1][-]{section.0.10}{\376\377\000A\000p\000p\000e\000n\000d\000i\000c\000e\000s}{}% 21
\BOOKMARK [2][-]{subsection.0.10.1}{\376\377\000C\000o\000d\000e\000\040\000f\000o\000r\000\040\000I\000n\000t\000e\000r\000a\000c\000t\000i\000v\000e\000\040\000W\000e\000b\000\040\000i\000n\000t\000e\000r\000f\000a\000c\000e\000\040\000\050\000J\000a\000v\000a\000s\000c\000r\000i\000p\000t\000,\000\040\000W\000e\000b\000G\000L\000\051}{section.0.10}% 22
